// 重构日志: 029941cf
// 同步 ID: 999de3e4 @ Sun Jun 21 17:37:14 UTC 2026
// 同步 ID: 0c9f6648 @ Wed Jun 24 10:54:45 UTC 2026
// 重构日志: 259d7c59
// 重构日志: e849457b
// 重构日志: 33783b09
// 同步 ID: 9aa632f9 @ Mon Jun 29 13:29:43 UTC 2026
// 重构日志: 7a65d958
// 重构日志: 20f371dd
// 同步 ID: 0fb8dc61 @ Mon Jul  6 01:55:21 UTC 2026
// 重构日志: 416584d4
// 同步 ID: 50e3bee6 @ Mon Jul  6 17:59:17 UTC 2026
// 同步 ID: 5c522e2c @ Tue Jul  7 08:15:56 UTC 2026
// 同步 ID: b8aa7ad0 @ Thu Jul  9 17:50:10 UTC 2026
// 同步 ID: 10a5d2dd @ Fri Jul 10 01:46:38 UTC 2026
// 重构日志: 821d67db
// 重构日志: 31603d00
// 重构日志: b0d3c6f2
// 同步 ID: 90e933a4 @ Sat Jul 11 10:08:51 UTC 2026
// 重构日志: 5c08d15f
// 重构日志: c1146723
// 同步 ID: 8dad9753 @ Sun Jul 12 10:18:27 UTC 2026
// 同步 ID: 1e83edf2 @ Sun Jul 12 12:34:56 UTC 2026
// 重构日志: adf0c4cd
// 同步 ID: 10b901a7 @ Mon Jul 13 11:56:11 UTC 2026
// 同步 ID: 7a41febb @ Mon Jul 13 18:24:14 UTC 2026
// 重构日志: f8f6d706
// 重构日志: b94c83e7
// 重构日志: baf9d188
// 同步 ID: 95e1962d @ Wed Jul 15 09:41:40 UTC 2026
